17:58:47: *** FAILURE- adb:SM-G930F - OfficeDepot - Thread-0: Iteration - 1 - Success Rate: 0/1 = 0.0    Time - 0s ***
17:58:47:   adb:SM-G930F - com.experitest.client.InternalException: Exception caught while executing install: Failed to install the application: java.lang.NullPointerException
	at com.experitest.client.JavaClientInternals.executeInternally(JavaClientInternals.java:236)
	at com.experitest.client.Client.execute(Client.java:237)
	at com.experitest.client.Client.install(Client.java:1313)
	at FrameWork.MyClient.install(MyClient.java:80)
	at Tests.OfficeDepot.AndroidRunTest(OfficeDepot.java:22)
	at FrameWork.AbsTest.ExecuteTest(AbsTest.java:84)
	at FrameWork.AbsTest.StartTesting(AbsTest.java:60)
	at FrameWork.Suite.run(Suite.java:48)
	at java.lang.Thread.run(Thread.java:745)

17:58:47: Thread-0  adb:SM-G930F - REPORT - c:\temp\Reports\test1

17:58:49: *** FAILURE- adb:SM-G920F - OfficeDepot - Thread-1: Iteration - 1 - Success Rate: 0/1 = 0.0    Time - 0s ***
17:58:49:   adb:SM-G920F - com.experitest.client.InternalException: Exception caught while executing install: Failed to install the application: java.lang.NullPointerException
	at com.experitest.client.JavaClientInternals.executeInternally(JavaClientInternals.java:236)
	at com.experitest.client.Client.execute(Client.java:237)
	at com.experitest.client.Client.install(Client.java:1313)
	at FrameWork.MyClient.install(MyClient.java:80)
	at Tests.OfficeDepot.AndroidRunTest(OfficeDepot.java:22)
	at FrameWork.AbsTest.ExecuteTest(AbsTest.java:84)
	at FrameWork.AbsTest.StartTesting(AbsTest.java:60)
	at FrameWork.Suite.run(Suite.java:48)
	at java.lang.Thread.run(Thread.java:745)

17:58:49: Thread-1  adb:SM-G920F - REPORT - c:\temp\Reports\test0

17:59:43: FINISHED- adb:SM-G920F - OfficeDepot - Thread-1 - Success Rate: 0/1 = 0.0
17:59:43: FINISHED- adb:SM-G930F - OfficeDepot - Thread-0 - Success Rate: 0/1 = 0.0
18:02:06: *** FAILURE- adb:SM-G930F - Reboot - Thread-0: Iteration - 1 - Success Rate: 0/1 = 0.0    Time - 0s ***
18:02:06:   adb:SM-G930F - com.experitest.client.InternalException: Exception caught while executing verifyElementFound: Element xpath=//*[contains(@contentDescription,'App') or contains(@contentDescription,'apps')  or @contentDescription='Xperiaâ„¢ Home' or @id='dock_divider'] wasn't found
	at com.experitest.client.JavaClientInternals.executeInternally(JavaClientInternals.java:236)
	at com.experitest.client.Client.execute(Client.java:237)
	at com.experitest.client.Client.verifyElementFound(Client.java:2210)
	at FrameWork.MyClient.verifyElementFound(MyClient.java:127)
	at Tests.Rebooting.AndroidRunTest(Rebooting.java:25)
	at FrameWork.AbsTest.ExecuteTest(AbsTest.java:84)
	at FrameWork.AbsTest.StartTesting(AbsTest.java:60)
	at FrameWork.Suite.run(Suite.java:50)
	at java.lang.Thread.run(Thread.java:745)

18:02:06: Thread-0  adb:SM-G930F - REPORT - c:\temp\Reports\test3

18:02:27: SUCCESS- adb:SM-G920F - Reboot - Thread-1: Iteration - 1 - Success Rate: 1/1 = 1.0    Time - 158s
18:02:29: FINISHED- adb:SM-G920F - Reboot - Thread-1 - Success Rate: 1/1 = 1.0
18:02:45: FINISHED- adb:SM-G930F - Reboot - Thread-0 - Success Rate: 0/1 = 0.0
